Scenario status: OK
========================================================================================================================
Run name: without app

Summary run status                                                     OK
                 
Artifacts dir                                                          2023-10-14_17-33-14 
OS                                                                     Linux               
DC Apps Performance Toolkit version                                    7.6.0 (OK: Toolkit is up to date)
Application                                                            jira 9.4.10         
Dataset info                                                           1052966 issues      
Application nodes count                                                1                   
Available Processors                                                   6                   
Deployment                                                             terraform           
Concurrency                                                            200                 
Expected test run duration from yml file                               2700 sec            
Actual test run duration                                               2898 sec            
Finished                                                               (True, 'OK')        
Compliant                                                              (True, 'OK')        
Success                                                                (True, 'OK')        
Has app-specific actions                                               False               

Action                                                                Success Rate        90th Percentile     Status              
jmeter_login_and_view_dashboard                                        100.0               1.15                OK                  
jmeter_view_dashboard                                                  100.0               0.37                OK                  
jmeter_view_scrum_board                                                100.0               0.5                 OK                  
jmeter_create_issue:open_quick_create                                  100.0               0.12                OK                  
jmeter_view_issue                                                      100.0               0.55                OK                  
jmeter_search_jql                                                      100.0               1.14                OK                  
jmeter_view_backlog                                                    100.0               0.74                OK                  
jmeter_create_issue:fill_and_submit_issue_form                         100.0               0.37                OK                  
jmeter_view_kanban_board                                               100.0               0.44                OK                  
jmeter_browse_projects                                                 100.0               0.22                OK                  
jmeter_edit_issue:open_editor                                          100.0               0.26                OK                  
jmeter_edit_issue:save_edit                                            100.0               0.68                OK                  
jmeter_view_project_summary                                            100.0               0.36                OK                  
jmeter_add_comment:open_comment                                        100.0               0.21                OK                  
jmeter_add_comment:save_comment                                        100.0               0.58                OK                  
jmeter_browse_boards                                                   100.0               0.26                OK                  
selenium_login:open_login_page                                         100.0               0.14                OK                  
selenium_login:login_and_view_dashboard                                100.0               1.46                OK                  
selenium_login                                                         100.0               1.69                OK                  
selenium_project_summary                                               100.0               0.38                OK                  
selenium_browse_projects_list                                          100.0               0.29                OK                  
selenium_browse_boards_list                                            100.0               1.09                OK                  
selenium_create_issue:open_quick_create                                100.0               1.42                OK                  
selenium_create_issue:fill_and_submit_issue_form:submit_issue_form     100.0               1.41                OK                  
selenium_create_issue:fill_and_submit_issue_form                       100.0               2.0                 OK                  
selenium_create_issue                                                  100.0               3.4                 OK                  
selenium_edit_issue:open_edit_issue_form                               100.0               0.51                OK                  
selenium_edit_issue:save_edit_issue_form                               100.0               0.59                OK                  
selenium_edit_issue                                                    100.0               2.2                 OK                  
selenium_save_comment:open_comment_form                                100.0               0.25                OK                  
selenium_save_comment:submit_form                                      100.0               0.78                OK                  
selenium_save_comment                                                  100.0               2.27                OK                  
selenium_search_jql                                                    100.0               1.6                 OK                  
selenium_view_scrum_board_backlog                                      100.0               1.67                OK                  
selenium_view_scrum_board                                              100.0               1.56                OK                  
selenium_view_kanban_board                                             100.0               1.56                OK                  
selenium_view_dashboard                                                100.0               0.3                 OK                  
selenium_view_issue                                                    100.0               0.52                OK                  
selenium_log_out                                                       100.0               0.38                OK                  

========================================================================================================================
Run name: with app

Summary run status                                                     OK
                 
Artifacts dir                                                          2023-10-14_20-04-30 
OS                                                                     Linux               
DC Apps Performance Toolkit version                                    7.6.0 (OK: Toolkit is up to date)
Application                                                            jira 9.4.10         
Dataset info                                                           1054806 issues      
Application nodes count                                                1                   
Available Processors                                                   6                   
Deployment                                                             terraform           
Concurrency                                                            200                 
Expected test run duration from yml file                               2700 sec            
Actual test run duration                                               2897 sec            
Finished                                                               (True, 'OK')        
Compliant                                                              (True, 'OK')        
Success                                                                (True, 'OK')        
Has app-specific actions                                               False               

Action                                                                Success Rate        90th Percentile     Status              
jmeter_login_and_view_dashboard                                        100.0               1.18                OK                  
jmeter_view_issue                                                      100.0               0.64                OK                  
jmeter_search_jql                                                      100.0               1.3                 OK                  
jmeter_view_dashboard                                                  100.0               0.41                OK                  
jmeter_view_scrum_board                                                100.0               0.56                OK                  
jmeter_view_backlog                                                    100.0               0.93                OK                  
jmeter_create_issue:open_quick_create                                  100.0               0.16                OK                  
jmeter_create_issue:fill_and_submit_issue_form                         100.0               0.41                OK                  
jmeter_browse_projects                                                 100.0               0.25                OK                  
jmeter_view_kanban_board                                               100.0               0.53                OK                  
jmeter_edit_issue:open_editor                                          100.0               0.32                OK                  
jmeter_edit_issue:save_edit                                            100.0               0.67                OK                  
jmeter_view_project_summary                                            100.0               0.3                 OK                  
jmeter_add_comment:open_comment                                        100.0               0.2                 OK                  
jmeter_add_comment:save_comment                                        100.0               0.8                 OK                  
jmeter_browse_boards                                                   100.0               0.31                OK                  
selenium_login:open_login_page                                         100.0               0.13                OK                  
selenium_login:login_and_view_dashboard                                100.0               1.32                OK                  
selenium_login                                                         100.0               1.42                OK                  
selenium_project_summary                                               100.0               0.39                OK                  
selenium_browse_projects_list                                          100.0               0.3                 OK                  
selenium_browse_boards_list                                            100.0               1.2                 OK                  
selenium_create_issue:open_quick_create                                100.0               1.47                OK                  
selenium_create_issue:fill_and_submit_issue_form:submit_issue_form     100.0               1.43                OK                  
selenium_create_issue:fill_and_submit_issue_form                       100.0               2.04                OK                  
selenium_create_issue                                                  100.0               3.46                OK                  
selenium_edit_issue:open_edit_issue_form                               100.0               0.51                OK                  
selenium_edit_issue:save_edit_issue_form                               100.0               0.59                OK                  
selenium_edit_issue                                                    100.0               2.23                OK                  
selenium_save_comment:open_comment_form                                100.0               0.23                OK                  
selenium_save_comment:submit_form                                      100.0               0.72                OK                  
selenium_save_comment                                                  100.0               2.3                 OK                  
selenium_search_jql                                                    100.0               1.75                OK                  
selenium_view_scrum_board_backlog                                      100.0               1.67                OK                  
selenium_view_scrum_board                                              100.0               1.59                OK                  
selenium_view_kanban_board                                             100.0               1.57                OK                  
selenium_view_dashboard                                                100.0               0.29                OK                  
selenium_view_issue                                                    100.0               0.52                OK                  
selenium_log_out                                                       100.0               0.36                OK                  

========================================================================================================================
