Scenario status: OK
========================================================================================================================
Run name: without app

Summary run status                                                     OK
                 
Artifacts dir                                                          2024-10-03_12-16-27 
OS                                                                     Linux               
DC Apps Performance Toolkit version                                    8.4.0 (OK: Toolkit is up to date)
Application                                                            jira 9.12.12        
Dataset info                                                           1053346 issues      
Application nodes count                                                1                   
Available Processors                                                   6                   
Deployment                                                             terraform           
Concurrency                                                            200                 
Expected test run duration from yml file                               2700 sec            
Actual test run duration                                               2897 sec            
Finished                                                               (True, 'OK')        
Compliant                                                              (True, 'OK')        
Success                                                                (True, 'OK')        
Has app-specific actions                                               False               

Action                                                                Success Rate        90th Percentile     Status              
jmeter_login_and_view_dashboard                                        100.0               0.85                OK                  
jmeter_view_dashboard                                                  100.0               0.24                OK                  
jmeter_view_issue                                                      100.0               0.41                OK                  
jmeter_view_scrum_board                                                100.0               0.34                OK                  
jmeter_search_jql                                                      100.0               0.85                OK                  
jmeter_view_backlog                                                    100.0               0.51                OK                  
jmeter_create_issue:open_quick_create                                  100.0               0.09                OK                  
jmeter_create_issue:fill_and_submit_issue_form                         100.0               0.41                OK                  
jmeter_view_kanban_board                                               100.0               0.36                OK                  
jmeter_browse_projects                                                 100.0               0.14                OK                  
jmeter_edit_issue:open_editor                                          100.0               0.21                OK                  
jmeter_edit_issue:save_edit                                            100.0               0.6                 OK                  
jmeter_view_project_summary                                            100.0               0.22                OK                  
jmeter_add_comment:open_comment                                        100.0               0.16                OK                  
jmeter_add_comment:save_comment                                        100.0               0.56                OK                  
jmeter_browse_boards                                                   100.0               0.17                OK                  
selenium_login:open_login_page                                         100.0               0.13                OK                  
selenium_login:login_and_view_dashboard                                100.0               1.36                OK                  
selenium_login                                                         100.0               1.5                 OK                  
selenium_project_summary                                               100.0               0.41                OK                  
selenium_browse_projects_list                                          100.0               0.29                OK                  
selenium_browse_boards_list                                            100.0               0.26                OK                  
selenium_create_issue:open_quick_create                                100.0               1.96                OK                  
selenium_create_issue:fill_and_submit_issue_form:submit_issue_form     100.0               1.89                OK                  
selenium_create_issue:fill_and_submit_issue_form                       100.0               2.53                OK                  
selenium_create_issue                                                  100.0               4.48                OK                  
selenium_edit_issue:open_edit_issue_form                               100.0               0.74                OK                  
selenium_edit_issue:save_edit_issue_form                               100.0               0.88                OK                  
selenium_edit_issue                                                    100.0               2.13                OK                  
selenium_save_comment:open_comment_form                                100.0               0.26                OK                  
selenium_save_comment:submit_form                                      100.0               0.8                 OK                  
selenium_save_comment                                                  100.0               2.92                OK                  
selenium_search_jql                                                    100.0               2.18                OK                  
selenium_view_scrum_board_backlog                                      100.0               2.16                OK                  
selenium_view_scrum_board                                              100.0               2.09                OK                  
selenium_view_kanban_board                                             100.0               2.04                OK                  
selenium_view_dashboard                                                100.0               0.28                OK                  
selenium_view_issue                                                    100.0               0.56                OK                  
selenium_log_out                                                       100.0               0.37                OK                  

========================================================================================================================
Run name: with app

Summary run status                                                     OK
                 
Artifacts dir                                                          2024-10-03_14-36-15 
OS                                                                     Linux               
DC Apps Performance Toolkit version                                    8.4.0 (OK: Toolkit is up to date)
Application                                                            jira 9.12.12        
Dataset info                                                           1055157 issues      
Application nodes count                                                1                   
Available Processors                                                   6                   
Deployment                                                             terraform           
Concurrency                                                            200                 
Expected test run duration from yml file                               2700 sec            
Actual test run duration                                               2897 sec            
Finished                                                               (True, 'OK')        
Compliant                                                              (True, 'OK')        
Success                                                                (True, 'OK')        
Has app-specific actions                                               False               

Action                                                                Success Rate        90th Percentile     Status              
jmeter_login_and_view_dashboard                                        100.0               0.66                OK                  
jmeter_view_issue                                                      100.0               0.39                OK                  
jmeter_search_jql                                                      100.0               0.84                OK                  
jmeter_view_dashboard                                                  100.0               0.24                OK                  
jmeter_view_scrum_board                                                100.0               0.33                OK                  
jmeter_view_backlog                                                    100.0               0.54                OK                  
jmeter_create_issue:open_quick_create                                  100.0               0.08                OK                  
jmeter_create_issue:fill_and_submit_issue_form                         100.0               0.39                OK                  
jmeter_view_kanban_board                                               100.0               0.38                OK                  
jmeter_browse_projects                                                 100.0               0.14                OK                  
jmeter_edit_issue:open_editor                                          100.0               0.19                OK                  
jmeter_edit_issue:save_edit                                            100.0               0.6                 OK                  
jmeter_view_project_summary                                            100.0               0.21                OK                  
jmeter_add_comment:open_comment                                        100.0               0.15                OK                  
jmeter_add_comment:save_comment                                        100.0               0.59                OK                  
jmeter_browse_boards                                                   100.0               0.15                OK                  
selenium_login:open_login_page                                         100.0               0.13                OK                  
selenium_login:login_and_view_dashboard                                100.0               1.33                OK                  
selenium_login                                                         100.0               1.47                OK                  
selenium_project_summary                                               100.0               0.47                OK                  
selenium_browse_projects_list                                          100.0               0.3                 OK                  
selenium_browse_boards_list                                            100.0               0.26                OK                  
selenium_create_issue:open_quick_create                                100.0               2.0                 OK                  
selenium_create_issue:fill_and_submit_issue_form:submit_issue_form     100.0               1.89                OK                  
selenium_create_issue:fill_and_submit_issue_form                       100.0               2.5                 OK                  
selenium_create_issue                                                  100.0               4.51                OK                  
selenium_edit_issue:open_edit_issue_form                               100.0               0.73                OK                  
selenium_edit_issue:save_edit_issue_form                               100.0               0.82                OK                  
selenium_edit_issue                                                    100.0               2.02                OK                  
selenium_save_comment:open_comment_form                                100.0               0.25                OK                  
selenium_save_comment:submit_form                                      100.0               0.81                OK                  
selenium_save_comment                                                  100.0               2.89                OK                  
selenium_search_jql                                                    100.0               3.11                OK                  
selenium_view_scrum_board_backlog                                      100.0               2.14                OK                  
selenium_view_scrum_board                                              100.0               2.08                OK                  
selenium_view_kanban_board                                             100.0               2.05                OK                  
selenium_view_dashboard                                                100.0               0.27                OK                  
selenium_view_issue                                                    100.0               0.52                OK                  
selenium_log_out                                                       100.0               0.35                OK                  

========================================================================================================================
