Scenario status: OK
========================================================================================================================
Run name: 1 Node

Summary run status                                                     OK
                 
Artifacts dir                                                          2024-10-03_17-17-07 
OS                                                                     Linux               
DC Apps Performance Toolkit version                                    8.4.0 (OK: Toolkit is up to date)
Application                                                            jira 9.12.12        
Dataset info                                                           1058820 issues      
Application nodes count                                                1                   
Available Processors                                                   6                   
Deployment                                                             terraform           
Concurrency                                                            200                 
Expected test run duration from yml file                               2700 sec            
Actual test run duration                                               2899 sec            
Finished                                                               (True, 'OK')        
Compliant                                                              (True, 'OK')        
Success                                                                (True, 'OK')        
Has app-specific actions                                               True                

Action                                                                Success Rate        90th Percentile     Status              
jmeter_login_and_view_dashboard                                        100.0               0.66                OK                  
jmeter_view_issue                                                      100.0               0.38                OK                  
jmeter_search_jql                                                      100.0               0.81                OK                  
jmeter_view_dashboard                                                  100.0               0.24                OK                  
jmeter_view_scrum_board                                                100.0               0.33                OK                  
jmeter_view_backlog                                                    100.0               0.51                OK                  
jmeter_create_issue:open_quick_create                                  100.0               0.09                OK                  
jmeter_create_issue:fill_and_submit_issue_form                         100.0               0.38                OK                  
jmeter_view_kanban_board                                               100.0               0.37                OK                  
jmeter_browse_projects                                                 100.0               0.13                OK                  
jmeter_edit_issue:open_editor                                          100.0               0.18                OK                  
jmeter_edit_issue:save_edit                                            100.0               0.58                OK                  
jmeter_view_project_summary                                            100.0               0.2                 OK                  
jmeter_add_comment:open_comment                                        100.0               0.14                OK                  
jmeter_add_comment:save_comment                                        100.0               0.53                OK                  
jmeter_browse_boards                                                   100.0               0.14                OK                  
selenium_login:open_login_page                                         100.0               0.12                OK                  
selenium_login:login_and_view_dashboard                                100.0               1.27                OK                  
selenium_login                                                         100.0               1.42                OK                  
selenium_project_summary                                               100.0               0.49                OK                  
selenium_browse_projects_list                                          100.0               0.34                OK                  
selenium_browse_boards_list                                            100.0               0.27                OK                  
selenium_create_issue:open_quick_create                                100.0               2.01                OK                  
selenium_create_issue:fill_and_submit_issue_form:submit_issue_form     100.0               1.89                OK                  
selenium_create_issue:fill_and_submit_issue_form                       100.0               2.51                OK                  
selenium_create_issue                                                  100.0               4.53                OK                  
selenium_edit_issue:open_edit_issue_form                               100.0               0.72                OK                  
selenium_edit_issue:save_edit_issue_form                               100.0               0.84                OK                  
selenium_edit_issue                                                    100.0               2.13                OK                  
selenium_save_comment:open_comment_form                                100.0               0.25                OK                  
selenium_save_comment:submit_form                                      100.0               0.81                OK                  
selenium_save_comment                                                  100.0               2.89                OK                  
selenium_search_jql                                                    100.0               2.08                OK                  
selenium_view_scrum_board_backlog                                      100.0               2.1                 OK                  
selenium_view_scrum_board                                              100.0               2.07                OK                  
selenium_view_kanban_board                                             100.0               2.04                OK                  
selenium_view_dashboard                                                100.0               0.27                OK                  
selenium_view_issue                                                    100.0               0.54                OK                  
selenium_log_out                                                       100.0               0.34                OK                  
selenium_app_custom_action:open_dialog                                 100.0               0.2                 OK                  APP-SPECIFIC        
selenium_app_custom_action                                             100.0               0.2                 OK                  APP-SPECIFIC        

========================================================================================================================
Run name: 2 Nodes

Summary run status                                                     OK
                 
Artifacts dir                                                          2024-10-03_18-18-28 
OS                                                                     Linux               
DC Apps Performance Toolkit version                                    8.4.0 (OK: Toolkit is up to date)
Application                                                            jira 9.12.12        
Dataset info                                                           1060635 issues      
Application nodes count                                                2                   
Available Processors                                                   6                   
Deployment                                                             terraform           
Concurrency                                                            200                 
Expected test run duration from yml file                               2700 sec            
Actual test run duration                                               2898 sec            
Finished                                                               (True, 'OK')        
Compliant                                                              (True, 'OK')        
Success                                                                (True, 'OK')        
Has app-specific actions                                               True                

Action                                                                Success Rate        90th Percentile     Status              
jmeter_login_and_view_dashboard                                        100.0               0.62                OK                  
jmeter_view_issue                                                      100.0               0.32                OK                  
jmeter_search_jql                                                      100.0               0.71                OK                  
jmeter_view_dashboard                                                  100.0               0.2                 OK                  
jmeter_view_backlog                                                    100.0               0.44                OK                  
jmeter_view_scrum_board                                                100.0               0.27                OK                  
jmeter_create_issue:open_quick_create                                  100.0               0.08                OK                  
jmeter_create_issue:fill_and_submit_issue_form                         100.0               0.35                OK                  
jmeter_view_kanban_board                                               100.0               0.32                OK                  
jmeter_browse_projects                                                 100.0               0.11                OK                  
jmeter_edit_issue:open_editor                                          100.0               0.16                OK                  
jmeter_edit_issue:save_edit                                            100.0               0.5                 OK                  
jmeter_view_project_summary                                            100.0               0.18                OK                  
jmeter_add_comment:open_comment                                        100.0               0.12                OK                  
jmeter_add_comment:save_comment                                        100.0               0.45                OK                  
jmeter_browse_boards                                                   100.0               0.13                OK                  
selenium_login:open_login_page                                         100.0               0.12                OK                  
selenium_login:login_and_view_dashboard                                100.0               0.67                OK                  
selenium_login                                                         100.0               0.82                OK                  
selenium_project_summary                                               100.0               0.5                 OK                  
selenium_browse_projects_list                                          100.0               0.32                OK                  
selenium_browse_boards_list                                            100.0               0.27                OK                  
selenium_create_issue:open_quick_create                                100.0               1.97                OK                  
selenium_create_issue:fill_and_submit_issue_form:submit_issue_form     100.0               1.9                 OK                  
selenium_create_issue:fill_and_submit_issue_form                       100.0               2.54                OK                  
selenium_create_issue                                                  100.0               4.47                OK                  
selenium_edit_issue:open_edit_issue_form                               100.0               0.71                OK                  
selenium_edit_issue:save_edit_issue_form                               100.0               0.81                OK                  
selenium_edit_issue                                                    100.0               2.01                OK                  
selenium_save_comment:open_comment_form                                100.0               0.27                OK                  
selenium_save_comment:submit_form                                      100.0               0.75                OK                  
selenium_save_comment                                                  100.0               2.83                OK                  
selenium_search_jql                                                    100.0               2.08                OK                  
selenium_view_scrum_board_backlog                                      100.0               2.14                OK                  
selenium_view_scrum_board                                              100.0               2.07                OK                  
selenium_view_kanban_board                                             100.0               2.08                OK                  
selenium_view_dashboard                                                100.0               0.28                OK                  
selenium_view_issue                                                    100.0               0.5                 OK                  
selenium_log_out                                                       100.0               0.33                OK                  
selenium_app_custom_action:open_dialog                                 100.0               0.19                OK                  APP-SPECIFIC        
selenium_app_custom_action                                             100.0               0.19                OK                  APP-SPECIFIC        

========================================================================================================================
Run name: 4 Nodes

Summary run status                                                     OK
                 
Artifacts dir                                                          2024-10-03_19-40-39 
OS                                                                     Linux               
DC Apps Performance Toolkit version                                    8.4.0 (OK: Toolkit is up to date)
Application                                                            jira 9.12.12        
Dataset info                                                           1062447 issues      
Application nodes count                                                4                   
Available Processors                                                   6                   
Deployment                                                             terraform           
Concurrency                                                            200                 
Expected test run duration from yml file                               2700 sec            
Actual test run duration                                               2898 sec            
Finished                                                               (True, 'OK')        
Compliant                                                              (True, 'OK')        
Success                                                                (True, 'OK')        
Has app-specific actions                                               True                

Action                                                                Success Rate        90th Percentile     Status              
jmeter_login_and_view_dashboard                                        100.0               0.78                OK                  
jmeter_view_issue                                                      100.0               0.34                OK                  
jmeter_view_dashboard                                                  100.0               0.2                 OK                  
jmeter_view_scrum_board                                                100.0               0.28                OK                  
jmeter_search_jql                                                      100.0               0.73                OK                  
jmeter_view_backlog                                                    100.0               0.45                OK                  
jmeter_create_issue:open_quick_create                                  100.0               0.11                OK                  
jmeter_create_issue:fill_and_submit_issue_form                         100.0               0.42                OK                  
jmeter_view_kanban_board                                               100.0               0.31                OK                  
jmeter_browse_projects                                                 100.0               0.11                OK                  
jmeter_edit_issue:open_editor                                          100.0               0.18                OK                  
jmeter_view_project_summary                                            100.0               0.2                 OK                  
jmeter_edit_issue:save_edit                                            100.0               0.58                OK                  
jmeter_add_comment:open_comment                                        100.0               0.14                OK                  
jmeter_add_comment:save_comment                                        100.0               0.55                OK                  
jmeter_browse_boards                                                   100.0               0.13                OK                  
selenium_login:open_login_page                                         100.0               0.12                OK                  
selenium_login:login_and_view_dashboard                                100.0               0.7                 OK                  
selenium_login                                                         100.0               0.83                OK                  
selenium_project_summary                                               100.0               0.52                OK                  
selenium_browse_projects_list                                          100.0               0.33                OK                  
selenium_browse_boards_list                                            100.0               0.28                OK                  
selenium_create_issue:open_quick_create                                100.0               1.98                OK                  
selenium_create_issue:fill_and_submit_issue_form:submit_issue_form     100.0               1.94                OK                  
selenium_create_issue:fill_and_submit_issue_form                       100.0               2.56                OK                  
selenium_create_issue                                                  100.0               4.49                OK                  
selenium_edit_issue:open_edit_issue_form                               100.0               0.73                OK                  
selenium_edit_issue:save_edit_issue_form                               100.0               0.84                OK                  
selenium_edit_issue                                                    100.0               2.05                OK                  
selenium_save_comment:open_comment_form                                100.0               0.24                OK                  
selenium_save_comment:submit_form                                      100.0               0.82                OK                  
selenium_save_comment                                                  100.0               2.92                OK                  
selenium_search_jql                                                    100.0               2.15                OK                  
selenium_view_scrum_board_backlog                                      100.0               2.18                OK                  
selenium_view_scrum_board                                              100.0               2.11                OK                  
selenium_view_kanban_board                                             100.0               2.07                OK                  
selenium_view_dashboard                                                100.0               0.28                OK                  
selenium_view_issue                                                    100.0               0.52                OK                  
selenium_log_out                                                       100.0               0.34                OK                  
selenium_app_custom_action:open_dialog                                 100.0               0.2                 OK                  APP-SPECIFIC        
selenium_app_custom_action                                             100.0               0.2                 OK                  APP-SPECIFIC        

========================================================================================================================
