Scenario status: OK
========================================================================================================================
Run name: without app

Summary run status                                                     OK
                 
Artifacts dir                                                          2025-09-20_09-07-39 
OS                                                                     Linux               
DC Apps Performance Toolkit version                                    8.8.1 (OK: Toolkit is up to date)
Application                                                            jira 10.3.9         
Dataset info                                                           1053415 issues      
Application nodes count                                                1                   
Available Processors                                                   6                   
Deployment                                                             terraform           
Concurrency                                                            200                 
Expected test run duration from yml file                               2700 sec            
Actual test run duration                                               2898 sec            
Finished                                                               (True, 'OK')        
Compliant                                                              (True, 'OK')        
Success                                                                (True, 'OK')        
Has app-specific actions                                               False               
Applications count                                                     275                 
Custom applications count                                              0                   
Custom applications count enabled                                      0                   

Action                                                                Success Rate        90th Percentile     Status              
jmeter_login_and_view_dashboard                                        100.0               1.01                OK                  
jmeter_view_dashboard                                                  100.0               0.32                OK                  
jmeter_view_issue                                                      100.0               0.54                OK                  
jmeter_view_scrum_board                                                100.0               0.46                OK                  
jmeter_create_issue:open_quick_create                                  100.0               0.12                OK                  
jmeter_view_backlog                                                    100.0               0.7                 OK                  
jmeter_search_jql                                                      100.0               1.06                OK                  
jmeter_create_issue:fill_and_submit_issue_form                         100.0               0.49                OK                  
jmeter_view_kanban_board                                               100.0               0.49                OK                  
jmeter_browse_projects                                                 100.0               0.2                 OK                  
jmeter_edit_issue:open_editor                                          100.0               0.25                OK                  
jmeter_edit_issue:save_edit                                            100.0               0.7                 OK                  
jmeter_view_project_summary                                            100.0               0.33                OK                  
jmeter_add_comment:open_comment                                        100.0               0.19                OK                  
jmeter_add_comment:save_comment                                        100.0               0.63                OK                  
jmeter_browse_boards                                                   100.0               0.19                OK                  
selenium_login:open_login_page                                         100.0               1.2                 OK                  
selenium_login:login_and_view_dashboard                                100.0               1.63                OK                  
selenium_login                                                         100.0               2.83                OK                  
selenium_project_summary                                               100.0               0.37                OK                  
selenium_browse_projects_list                                          100.0               0.29                OK                  
selenium_browse_boards_list                                            100.0               0.27                OK                  
selenium_create_issue:open_quick_create                                100.0               0.95                OK                  
selenium_create_issue:fill_and_submit_issue_form:submit_issue_form     100.0               0.76                OK                  
selenium_create_issue:fill_and_submit_issue_form                       100.0               1.43                OK                  
selenium_create_issue                                                  100.0               2.35                OK                  
selenium_edit_issue:open_edit_issue_form                               100.0               0.51                OK                  
selenium_edit_issue:save_edit_issue_form                               100.0               0.85                OK                  
selenium_edit_issue                                                    100.0               2.05                OK                  
selenium_save_comment:open_comment_form                                100.0               0.24                OK                  
selenium_save_comment:submit_form                                      100.0               0.77                OK                  
selenium_save_comment                                                  100.0               1.71                OK                  
selenium_search_jql                                                    100.0               1.79                OK                  
selenium_view_scrum_board_backlog                                      100.0               1.14                OK                  
selenium_view_scrum_board                                              100.0               0.97                OK                  
selenium_view_kanban_board                                             100.0               1.11                OK                  
selenium_view_dashboard                                                100.0               0.27                OK                  
selenium_view_issue                                                    100.0               0.54                OK                  
selenium_log_out                                                       100.0               0.69                OK                  

========================================================================================================================
Run name: with app

Summary run status                                                     OK
                 
Artifacts dir                                                          2025-09-20_11-28-40 
OS                                                                     Linux               
DC Apps Performance Toolkit version                                    8.8.1 (OK: Toolkit is up to date)
Application                                                            jira 10.3.9         
Dataset info                                                           1055299 issues      
Application nodes count                                                1                   
Available Processors                                                   6                   
Deployment                                                             terraform           
Concurrency                                                            200                 
Expected test run duration from yml file                               2700 sec            
Actual test run duration                                               2898 sec            
Finished                                                               (True, 'OK')        
Compliant                                                              (True, 'OK')        
Success                                                                (True, 'OK')        
Has app-specific actions                                               False               
Applications count                                                     276                 
Custom applications count                                              1                   
Custom applications count enabled                                      1                   

Action                                                                Success Rate        90th Percentile     Status              
jmeter_login_and_view_dashboard                                        100.0               0.68                OK                  
jmeter_view_issue                                                      100.0               0.48                OK                  
jmeter_view_dashboard                                                  100.0               0.3                 OK                  
jmeter_view_scrum_board                                                100.0               0.42                OK                  
jmeter_search_jql                                                      100.0               1.01                OK                  
jmeter_view_backlog                                                    100.0               0.67                OK                  
jmeter_create_issue:open_quick_create                                  100.0               0.11                OK                  
jmeter_create_issue:fill_and_submit_issue_form                         100.0               0.43                OK                  
jmeter_view_kanban_board                                               100.0               0.47                OK                  
jmeter_browse_projects                                                 100.0               0.17                OK                  
jmeter_edit_issue:open_editor                                          100.0               0.22                OK                  
jmeter_edit_issue:save_edit                                            100.0               0.64                OK                  
jmeter_view_project_summary                                            100.0               0.28                OK                  
jmeter_add_comment:open_comment                                        100.0               0.19                OK                  
jmeter_add_comment:save_comment                                        100.0               0.67                OK                  
jmeter_browse_boards                                                   100.0               0.18                OK                  
selenium_login:open_login_page                                         100.0               1.2                 OK                  
selenium_login:login_and_view_dashboard                                100.0               1.45                OK                  
selenium_login                                                         100.0               2.66                OK                  
selenium_project_summary                                               100.0               0.38                OK                  
selenium_browse_projects_list                                          100.0               0.31                OK                  
selenium_browse_boards_list                                            100.0               0.24                OK                  
selenium_create_issue:open_quick_create                                100.0               0.94                OK                  
selenium_create_issue:fill_and_submit_issue_form:submit_issue_form     100.0               0.77                OK                  
selenium_create_issue:fill_and_submit_issue_form                       100.0               1.47                OK                  
selenium_create_issue                                                  100.0               2.32                OK                  
selenium_edit_issue:open_edit_issue_form                               100.0               0.51                OK                  
selenium_edit_issue:save_edit_issue_form                               100.0               0.83                OK                  
selenium_edit_issue                                                    100.0               2.05                OK                  
selenium_save_comment:open_comment_form                                100.0               0.24                OK                  
selenium_save_comment:submit_form                                      100.0               0.75                OK                  
selenium_save_comment                                                  100.0               1.73                OK                  
selenium_search_jql                                                    100.0               1.89                OK                  
selenium_view_scrum_board_backlog                                      100.0               1.13                OK                  
selenium_view_scrum_board                                              100.0               0.97                OK                  
selenium_view_kanban_board                                             100.0               1.1                 OK                  
selenium_view_dashboard                                                100.0               0.26                OK                  
selenium_view_issue                                                    100.0               0.55                OK                  
selenium_log_out                                                       100.0               0.84                OK                  

========================================================================================================================
