Scenario status: OK
========================================================================================================================
Run name: 1 Node

Summary run status                                                     OK
                 
Artifacts dir                                                          2022-11-12_14-54-43 
OS                                                                     Linux               
DC Apps Performance Toolkit version                                    6.3.0 (OK: Toolkit is up to date)
Application                                                            jira 9.0.0          
Dataset info                                                           1056950 issues      
Application nodes count                                                1                   
Available Processors                                                   8                   
Deployment                                                             other               
Concurrency                                                            200                 
Expected test run duration from yml file                               2700 sec            
Actual test run duration                                               2897 sec            
Finished                                                               (True, 'OK')        
Compliant                                                              (True, 'OK')        
Success                                                                (True, 'OK')        
Has app-specific actions                                               True                

Action                                                                Success Rate        90th Percentile     Status              
jmeter_login_and_view_dashboard                                        100.0               0.42                OK                  
jmeter_view_issue                                                      100.0               0.28                OK                  
jmeter_search_jql                                                      100.0               0.65                OK                  
jmeter_view_dashboard                                                  100.0               0.2                 OK                  
jmeter_view_scrum_board                                                100.0               0.28                OK                  
jmeter_view_backlog                                                    100.0               0.42                OK                  
jmeter_create_issue:open_quick_create                                  100.0               0.06                OK                  
jmeter_create_issue:fill_and_submit_issue_form                         100.0               0.18                OK                  
jmeter_view_kanban_board                                               100.0               0.25                OK                  
jmeter_browse_projects                                                 100.0               0.11                OK                  
jmeter_edit_issue:open_editor                                          100.0               0.14                OK                  
jmeter_edit_issue:save_edit                                            100.0               0.35                OK                  
jmeter_view_project_summary                                            100.0               0.16                OK                  
jmeter_add_comment:open_comment                                        100.0               0.11                OK                  
jmeter_add_comment:save_comment                                        100.0               0.33                OK                  
jmeter_browse_boards                                                   100.0               0.14                OK                  
selenium_login:open_login_page                                         100.0               0.1                 OK                  
selenium_login:login_and_view_dashboard                                100.0               0.58                OK                  
selenium_login                                                         100.0               0.67                OK                  
selenium_project_summary                                               100.0               0.34                OK                  
selenium_browse_projects_list                                          100.0               0.31                OK                  
selenium_browse_boards_list                                            100.0               0.78                OK                  
selenium_create_issue:open_quick_create                                100.0               0.64                OK                  
selenium_create_issue:fill_and_submit_issue_form:submit_issue_form     100.0               0.59                OK                  
selenium_create_issue:fill_and_submit_issue_form                       100.0               1.23                OK                  
selenium_create_issue                                                  100.0               1.85                OK                  
selenium_edit_issue:open_edit_issue_form                               100.0               0.51                OK                  
selenium_edit_issue:save_edit_issue_form                               100.0               0.48                OK                  
selenium_edit_issue                                                    100.0               1.36                OK                  
selenium_save_comment:open_comment_form                                100.0               0.21                OK                  
selenium_save_comment:submit_form                                      100.0               0.57                OK                  
selenium_save_comment                                                  100.0               1.39                OK                  
selenium_search_jql                                                    100.0               1.27                OK                  
selenium_view_scrum_board_backlog                                      100.0               1.16                OK                  
selenium_view_scrum_board                                              100.0               0.76                OK                  
selenium_view_kanban_board                                             100.0               0.81                OK                  
selenium_view_dashboard                                                100.0               0.23                OK                  
selenium_view_issue                                                    100.0               0.46                OK                  
selenium_log_out                                                       100.0               0.31                OK                  
selenium_app_custom_action:open_dialog                                 100.0               0.16                OK                  APP-SPECIFIC        
selenium_app_custom_action                                             100.0               0.16                OK                  APP-SPECIFIC        

========================================================================================================================
Run name: 2 Nodes

Summary run status                                                     OK
                 
Artifacts dir                                                          2022-11-12_15-57-33 
OS                                                                     Linux               
DC Apps Performance Toolkit version                                    6.3.0 (OK: Toolkit is up to date)
Application                                                            jira 9.0.0          
Dataset info                                                           1058885 issues      
Application nodes count                                                2                   
Available Processors                                                   8                   
Deployment                                                             other               
Concurrency                                                            200                 
Expected test run duration from yml file                               2700 sec            
Actual test run duration                                               2897 sec            
Finished                                                               (True, 'OK')        
Compliant                                                              (True, 'OK')        
Success                                                                (True, 'OK')        
Has app-specific actions                                               True                

Action                                                                Success Rate        90th Percentile     Status              
jmeter_login_and_view_dashboard                                        100.0               0.65                OK                  
jmeter_view_issue                                                      100.0               0.28                OK                  
jmeter_search_jql                                                      100.0               0.62                OK                  
jmeter_view_dashboard                                                  100.0               0.19                OK                  
jmeter_create_issue:open_quick_create                                  100.0               0.08                OK                  
jmeter_create_issue:fill_and_submit_issue_form                         100.0               0.25                OK                  
jmeter_view_scrum_board                                                100.0               0.27                OK                  
jmeter_view_backlog                                                    100.0               0.41                OK                  
jmeter_view_kanban_board                                               100.0               0.25                OK                  
jmeter_browse_projects                                                 100.0               0.1                 OK                  
jmeter_edit_issue:open_editor                                          100.0               0.14                OK                  
jmeter_edit_issue:save_edit                                            100.0               0.36                OK                  
jmeter_view_project_summary                                            100.0               0.15                OK                  
jmeter_add_comment:open_comment                                        100.0               0.12                OK                  
jmeter_add_comment:save_comment                                        100.0               0.36                OK                  
jmeter_browse_boards                                                   100.0               0.12                OK                  
selenium_login:open_login_page                                         100.0               0.11                OK                  
selenium_login:login_and_view_dashboard                                100.0               0.58                OK                  
selenium_login                                                         100.0               0.69                OK                  
selenium_project_summary                                               100.0               0.35                OK                  
selenium_browse_projects_list                                          100.0               0.37                OK                  
selenium_browse_boards_list                                            100.0               0.77                OK                  
selenium_create_issue:open_quick_create                                100.0               0.65                OK                  
selenium_create_issue:fill_and_submit_issue_form:submit_issue_form     100.0               0.6                 OK                  
selenium_create_issue:fill_and_submit_issue_form                       100.0               1.26                OK                  
selenium_create_issue                                                  100.0               1.89                OK                  
selenium_edit_issue:open_edit_issue_form                               100.0               0.44                OK                  
selenium_edit_issue:save_edit_issue_form                               100.0               0.52                OK                  
selenium_edit_issue                                                    100.0               1.42                OK                  
selenium_save_comment:open_comment_form                                100.0               0.23                OK                  
selenium_save_comment:submit_form                                      100.0               0.65                OK                  
selenium_save_comment                                                  100.0               1.46                OK                  
selenium_search_jql                                                    100.0               1.28                OK                  
selenium_view_scrum_board_backlog                                      100.0               1.16                OK                  
selenium_view_scrum_board                                              100.0               0.77                OK                  
selenium_view_kanban_board                                             100.0               0.89                OK                  
selenium_view_dashboard                                                100.0               0.24                OK                  
selenium_view_issue                                                    100.0               0.48                OK                  
selenium_log_out                                                       100.0               0.34                OK                  
selenium_app_custom_action:open_dialog                                 100.0               0.16                OK                  APP-SPECIFIC        
selenium_app_custom_action                                             100.0               0.17                OK                  APP-SPECIFIC        

========================================================================================================================
Run name: 4 Nodes

Summary run status                                                     OK
                 
Artifacts dir                                                          2022-11-12_17-26-10 
OS                                                                     Linux               
DC Apps Performance Toolkit version                                    6.3.0 (OK: Toolkit is up to date)
Application                                                            jira 9.0.0          
Dataset info                                                           1060828 issues      
Application nodes count                                                4                   
Available Processors                                                   8                   
Deployment                                                             other               
Concurrency                                                            200                 
Expected test run duration from yml file                               2700 sec            
Actual test run duration                                               2897 sec            
Finished                                                               (True, 'OK')        
Compliant                                                              (True, 'OK')        
Success                                                                (True, 'OK')        
Has app-specific actions                                               True                

Action                                                                Success Rate        90th Percentile     Status              
jmeter_login_and_view_dashboard                                        100.0               0.59                OK                  
jmeter_view_issue                                                      100.0               0.27                OK                  
jmeter_view_dashboard                                                  100.0               0.18                OK                  
jmeter_view_scrum_board                                                100.0               0.27                OK                  
jmeter_create_issue:open_quick_create                                  100.0               0.09                OK                  
jmeter_search_jql                                                      100.0               0.6                 OK                  
jmeter_create_issue:fill_and_submit_issue_form                         100.0               0.27                OK                  
jmeter_view_backlog                                                    100.0               0.4                 OK                  
jmeter_view_kanban_board                                               100.0               0.25                OK                  
jmeter_browse_projects                                                 100.0               0.1                 OK                  
jmeter_edit_issue:open_editor                                          100.0               0.14                OK                  
jmeter_edit_issue:save_edit                                            100.0               0.37                OK                  
jmeter_view_project_summary                                            100.0               0.16                OK                  
jmeter_add_comment:open_comment                                        100.0               0.11                OK                  
jmeter_add_comment:save_comment                                        100.0               0.37                OK                  
jmeter_browse_boards                                                   100.0               0.11                OK                  
selenium_login:open_login_page                                         100.0               0.1                 OK                  
selenium_login:login_and_view_dashboard                                100.0               0.55                OK                  
selenium_login                                                         100.0               0.65                OK                  
selenium_project_summary                                               100.0               0.36                OK                  
selenium_browse_projects_list                                          100.0               0.31                OK                  
selenium_browse_boards_list                                            100.0               0.81                OK                  
selenium_create_issue:open_quick_create                                100.0               0.64                OK                  
selenium_create_issue:fill_and_submit_issue_form:submit_issue_form     100.0               0.59                OK                  
selenium_create_issue:fill_and_submit_issue_form                       100.0               1.24                OK                  
selenium_create_issue                                                  100.0               1.85                OK                  
selenium_edit_issue:open_edit_issue_form                               100.0               0.5                 OK                  
selenium_edit_issue:save_edit_issue_form                               100.0               0.48                OK                  
selenium_edit_issue                                                    100.0               1.35                OK                  
selenium_save_comment:open_comment_form                                100.0               0.2                 OK                  
selenium_save_comment:submit_form                                      100.0               0.63                OK                  
selenium_save_comment                                                  100.0               1.43                OK                  
selenium_search_jql                                                    100.0               1.23                OK                  
selenium_view_scrum_board_backlog                                      100.0               1.14                OK                  
selenium_view_scrum_board                                              100.0               0.76                OK                  
selenium_view_kanban_board                                             100.0               0.87                OK                  
selenium_view_dashboard                                                100.0               0.22                OK                  
selenium_view_issue                                                    100.0               0.45                OK                  
selenium_log_out                                                       100.0               0.33                OK                  
selenium_app_custom_action:open_dialog                                 100.0               0.15                OK                  APP-SPECIFIC        
selenium_app_custom_action                                             100.0               0.16                OK                  APP-SPECIFIC        

========================================================================================================================
